2017-03-19 16:24:30,740 [ERROR] from play.api.libs.crypto.CryptoConfigParser in main - The application secret has not been set, and we are in prod mode. Your application is not secure.
2017-03-19 16:24:30,741 [ERROR] from play.api.libs.crypto.CryptoConfigParser in main - To set the application secret, please read http://playframework.com/documentation/latest/ApplicationSecret
2017-03-19 16:24:30,747 [ERROR] from play.api.libs.crypto.CryptoConfigParser in main - The application secret has not been set, and we are in prod mode. Your application is not secure.
2017-03-19 16:24:30,748 [ERROR] from play.api.libs.crypto.CryptoConfigParser in main - To set the application secret, please read http://playframework.com/documentation/latest/ApplicationSecret
2017-03-19 16:24:30,748 [ERROR] from play.api.libs.crypto.CryptoConfigParser in main - The application secret has not been set, and we are in prod mode. Your application is not secure.
2017-03-19 16:24:30,748 [ERROR] from play.api.libs.crypto.CryptoConfigParser in main - To set the application secret, please read http://playframework.com/documentation/latest/ApplicationSecret
2017-03-19 16:24:30,794 [ERROR] from play.api.libs.crypto.CryptoConfigParser in main - The application secret has not been set, and we are in prod mode. Your application is not secure.
2017-03-19 16:24:30,794 [ERROR] from play.api.libs.crypto.CryptoConfigParser in main - To set the application secret, please read http://playframework.com/documentation/latest/ApplicationSecret
2017-03-19 16:24:30,795 [ERROR] from play.api.libs.crypto.CryptoConfigParser in main - The application secret has not been set, and we are in prod mode. Your application is not secure.
2017-03-19 16:24:30,795 [ERROR] from play.api.libs.crypto.CryptoConfigParser in main - To set the application secret, please read http://playframework.com/documentation/latest/ApplicationSecret
2017-03-19 16:24:30,795 [ERROR] from play.api.libs.crypto.CryptoConfigParser in main - The application secret has not been set, and we are in prod mode. Your application is not secure.
2017-03-19 16:24:30,795 [ERROR] from play.api.libs.crypto.CryptoConfigParser in main - To set the application secret, please read http://playframework.com/documentation/latest/ApplicationSecret
2017-03-19 16:24:30,950 [INFO] from application in main - ApplicationTimer demo: Starting application at 2017-03-19T10:54:30.948Z
2017-03-19 16:24:30,952 [ERROR] from play.api.libs.crypto.CryptoConfigParser in main - The application secret has not been set, and we are in prod mode. Your application is not secure.
2017-03-19 16:24:30,952 [ERROR] from play.api.libs.crypto.CryptoConfigParser in main - To set the application secret, please read http://playframework.com/documentation/latest/ApplicationSecret
2017-03-19 16:24:30,952 [ERROR] from play.api.libs.crypto.CryptoConfigParser in main - The application secret has not been set, and we are in prod mode. Your application is not secure.
2017-03-19 16:24:30,953 [ERROR] from play.api.libs.crypto.CryptoConfigParser in main - To set the application secret, please read http://playframework.com/documentation/latest/ApplicationSecret
2017-03-19 16:24:30,953 [ERROR] from play.api.libs.crypto.CryptoConfigParser in main - The application secret has not been set, and we are in prod mode. Your application is not secure.
2017-03-19 16:24:30,953 [ERROR] from play.api.libs.crypto.CryptoConfigParser in main - To set the application secret, please read http://playframework.com/documentation/latest/ApplicationSecret
2017-03-19 16:25:56,557 [ERROR] from play.api.libs.crypto.CryptoConfigParser in main - The application secret has not been set, and we are in prod mode. Your application is not secure.
2017-03-19 16:25:56,562 [ERROR] from play.api.libs.crypto.CryptoConfigParser in main - To set the application secret, please read http://playframework.com/documentation/latest/ApplicationSecret
2017-03-19 16:25:56,574 [ERROR] from play.api.libs.crypto.CryptoConfigParser in main - The application secret has not been set, and we are in prod mode. Your application is not secure.
2017-03-19 16:25:56,574 [ERROR] from play.api.libs.crypto.CryptoConfigParser in main - To set the application secret, please read http://playframework.com/documentation/latest/ApplicationSecret
2017-03-19 16:25:56,574 [ERROR] from play.api.libs.crypto.CryptoConfigParser in main - The application secret has not been set, and we are in prod mode. Your application is not secure.
2017-03-19 16:25:56,575 [ERROR] from play.api.libs.crypto.CryptoConfigParser in main - To set the application secret, please read http://playframework.com/documentation/latest/ApplicationSecret
2017-03-19 16:25:56,688 [ERROR] from play.api.libs.crypto.CryptoConfigParser in main - The application secret has not been set, and we are in prod mode. Your application is not secure.
2017-03-19 16:25:56,688 [ERROR] from play.api.libs.crypto.CryptoConfigParser in main - To set the application secret, please read http://playframework.com/documentation/latest/ApplicationSecret
2017-03-19 16:25:56,688 [ERROR] from play.api.libs.crypto.CryptoConfigParser in main - The application secret has not been set, and we are in prod mode. Your application is not secure.
2017-03-19 16:25:56,688 [ERROR] from play.api.libs.crypto.CryptoConfigParser in main - To set the application secret, please read http://playframework.com/documentation/latest/ApplicationSecret
2017-03-19 16:25:56,689 [ERROR] from play.api.libs.crypto.CryptoConfigParser in main - The application secret has not been set, and we are in prod mode. Your application is not secure.
2017-03-19 16:25:56,689 [ERROR] from play.api.libs.crypto.CryptoConfigParser in main - To set the application secret, please read http://playframework.com/documentation/latest/ApplicationSecret
2017-03-19 16:25:56,916 [INFO] from application in main - ApplicationTimer demo: Starting application at 2017-03-19T10:55:56.915Z
2017-03-19 16:25:56,919 [ERROR] from play.api.libs.crypto.CryptoConfigParser in main - The application secret has not been set, and we are in prod mode. Your application is not secure.
2017-03-19 16:25:56,919 [ERROR] from play.api.libs.crypto.CryptoConfigParser in main - To set the application secret, please read http://playframework.com/documentation/latest/ApplicationSecret
2017-03-19 16:25:56,920 [ERROR] from play.api.libs.crypto.CryptoConfigParser in main - The application secret has not been set, and we are in prod mode. Your application is not secure.
2017-03-19 16:25:56,920 [ERROR] from play.api.libs.crypto.CryptoConfigParser in main - To set the application secret, please read http://playframework.com/documentation/latest/ApplicationSecret
2017-03-19 16:25:56,920 [ERROR] from play.api.libs.crypto.CryptoConfigParser in main - The application secret has not been set, and we are in prod mode. Your application is not secure.
2017-03-19 16:25:56,920 [ERROR] from play.api.libs.crypto.CryptoConfigParser in main - To set the application secret, please read http://playframework.com/documentation/latest/ApplicationSecret
2017-03-19 16:27:27,014 [ERROR] from play.api.libs.crypto.CryptoConfigParser in main - The application secret has not been set, and we are in prod mode. Your application is not secure.
2017-03-19 16:27:27,015 [ERROR] from play.api.libs.crypto.CryptoConfigParser in main - To set the application secret, please read http://playframework.com/documentation/latest/ApplicationSecret
2017-03-19 16:27:27,021 [ERROR] from play.api.libs.crypto.CryptoConfigParser in main - The application secret has not been set, and we are in prod mode. Your application is not secure.
2017-03-19 16:27:27,022 [ERROR] from play.api.libs.crypto.CryptoConfigParser in main - To set the application secret, please read http://playframework.com/documentation/latest/ApplicationSecret
2017-03-19 16:27:27,022 [ERROR] from play.api.libs.crypto.CryptoConfigParser in main - The application secret has not been set, and we are in prod mode. Your application is not secure.
2017-03-19 16:27:27,022 [ERROR] from play.api.libs.crypto.CryptoConfigParser in main - To set the application secret, please read http://playframework.com/documentation/latest/ApplicationSecret
2017-03-19 16:27:27,064 [ERROR] from play.api.libs.crypto.CryptoConfigParser in main - The application secret has not been set, and we are in prod mode. Your application is not secure.
2017-03-19 16:27:27,064 [ERROR] from play.api.libs.crypto.CryptoConfigParser in main - To set the application secret, please read http://playframework.com/documentation/latest/ApplicationSecret
2017-03-19 16:27:27,064 [ERROR] from play.api.libs.crypto.CryptoConfigParser in main - The application secret has not been set, and we are in prod mode. Your application is not secure.
2017-03-19 16:27:27,065 [ERROR] from play.api.libs.crypto.CryptoConfigParser in main - To set the application secret, please read http://playframework.com/documentation/latest/ApplicationSecret
2017-03-19 16:27:27,065 [ERROR] from play.api.libs.crypto.CryptoConfigParser in main - The application secret has not been set, and we are in prod mode. Your application is not secure.
2017-03-19 16:27:27,065 [ERROR] from play.api.libs.crypto.CryptoConfigParser in main - To set the application secret, please read http://playframework.com/documentation/latest/ApplicationSecret
2017-03-19 16:27:27,303 [INFO] from application in main - ApplicationTimer demo: Starting application at 2017-03-19T10:57:27.302Z
2017-03-19 16:27:27,305 [ERROR] from play.api.libs.crypto.CryptoConfigParser in main - The application secret has not been set, and we are in prod mode. Your application is not secure.
2017-03-19 16:27:27,305 [ERROR] from play.api.libs.crypto.CryptoConfigParser in main - To set the application secret, please read http://playframework.com/documentation/latest/ApplicationSecret
2017-03-19 16:27:27,306 [ERROR] from play.api.libs.crypto.CryptoConfigParser in main - The application secret has not been set, and we are in prod mode. Your application is not secure.
2017-03-19 16:27:27,306 [ERROR] from play.api.libs.crypto.CryptoConfigParser in main - To set the application secret, please read http://playframework.com/documentation/latest/ApplicationSecret
2017-03-19 16:27:27,306 [ERROR] from play.api.libs.crypto.CryptoConfigParser in main - The application secret has not been set, and we are in prod mode. Your application is not secure.
2017-03-19 16:27:27,306 [ERROR] from play.api.libs.crypto.CryptoConfigParser in main - To set the application secret, please read http://playframework.com/documentation/latest/ApplicationSecret
2017-03-19 16:28:25,040 [INFO] from application in main - ApplicationTimer demo: Starting application at 2017-03-19T10:58:25.038Z
2017-03-19 16:28:25,052 [INFO] from play.api.Play in main - Application started (Prod)
2017-03-19 16:28:25,377 [INFO] from play.core.server.NettyServer in main - Listening for HTTP on /0:0:0:0:0:0:0:0:9000
2017-03-19 16:53:31,516 [INFO] from application in Thread-7 - ApplicationTimer demo: Stopping application at 2017-03-19T11:23:31.516Z after 1506s.
